<?xml version="1.0" encoding="UTF-8"?>
<!-- Generated by org.testng.reporters.JUnitXMLReporter -->
<testsuite ignored="0" hostname="LAPTOP-M8J8VQVT" failures="0" tests="3" name="FunctionalTesting" time="53.45" errors="0" timestamp="2021-10-01T19:01:49 IST">
  <testcase classname="TestSuite.BikesTest" name="testing" time="13.582"/>
  <testcase classname="TestSuite.UsedCarsTest" name="testingCars" time="24.405"/>
  <testcase classname="TestSuite.LoginTest" name="testingLogin" time="15.446"/>
</testsuite> <!-- FunctionalTesting -->
