<?xml version="1.0" encoding="UTF-8"?>
<testng-results ignored="0" total="4" passed="4" failed="0" skipped="0">
  <reporter-output>
  </reporter-output>
  <suite started-at="2021-10-01T19:00:09 IST" name="Identify New Bikes" finished-at="2021-10-01T19:01:49 IST" duration-ms="100099">
    <groups>
    </groups>
    <test started-at="2021-10-01T19:00:09 IST" name="Smoke Testing" finished-at="2021-10-01T19:00:56 IST" duration-ms="46522">
      <class name="TestSuite.SmokeTest">
        <test-method signature="testing()[pri:0, instance:TestSuite.SmokeTest@2fb0623e]" started-at="2021-10-01T19:00:09 IST" name="testing" finished-at="2021-10-01T19:00:56 IST" duration-ms="46415" status="PASS">
          <reporter-output>
          </reporter-output>
        </test-method> <!-- testing -->
      </class> <!-- TestSuite.SmokeTest -->
    </test> <!-- Smoke Testing -->
    <test started-at="2021-10-01T19:00:56 IST" name="FunctionalTesting" finished-at="2021-10-01T19:01:49 IST" duration-ms="53450">
      <class name="TestSuite.BikesTest">
        <test-method signature="testing()[pri:0, instance:TestSuite.BikesTest@68878f6d]" started-at="2021-10-01T19:00:56 IST" name="testing" finished-at="2021-10-01T19:01:09 IST" duration-ms="13582" status="PASS">
          <reporter-output>
          </reporter-output>
        </test-method> <!-- testing -->
      </class> <!-- TestSuite.BikesTest -->
      <class name="com.zigwheels.base.Base">
        <test-method is-config="true" signature="driverSetup()[pri:0, instance:com.zigwheels.base.Base@2f01783a]" started-at="2021-10-01T19:00:05 IST" name="driverSetup" finished-at="2021-10-01T19:00:09 IST" duration-ms="4143" status="PASS">
          <reporter-output>
          </reporter-output>
        </test-method> <!-- driverSetup -->
        <test-method is-config="true" signature="closeBrowser()[pri:0, instance:com.zigwheels.base.Base@2f01783a]" started-at="2021-10-01T19:01:49 IST" name="closeBrowser" finished-at="2021-10-01T19:01:51 IST" duration-ms="2130" status="PASS">
          <reporter-output>
          </reporter-output>
        </test-method> <!-- closeBrowser -->
      </class> <!-- com.zigwheels.base.Base -->
      <class name="TestSuite.LoginTest">
        <test-method signature="testingLogin()[pri:0, instance:TestSuite.LoginTest@a8ef162]" started-at="2021-10-01T19:01:34 IST" name="testingLogin" finished-at="2021-10-01T19:01:49 IST" duration-ms="15446" status="PASS">
          <reporter-output>
          </reporter-output>
        </test-method> <!-- testingLogin -->
      </class> <!-- TestSuite.LoginTest -->
      <class name="TestSuite.UsedCarsTest">
        <test-method signature="testingCars()[pri:0, instance:TestSuite.UsedCarsTest@41488b16]" started-at="2021-10-01T19:01:09 IST" name="testingCars" finished-at="2021-10-01T19:01:34 IST" duration-ms="24405" status="PASS">
          <reporter-output>
          </reporter-output>
        </test-method> <!-- testingCars -->
      </class> <!-- TestSuite.UsedCarsTest -->
    </test> <!-- FunctionalTesting -->
  </suite> <!-- Identify New Bikes -->
</testng-results>
