<?xml version="1.0" encoding="UTF-8"?>
<testng-results ignored="0" total="6" passed="6" failed="0" skipped="0">
  <reporter-output>
  </reporter-output>
  <suite started-at="2021-10-02T18:27:25 IST" name="Identify New Bikes" finished-at="2021-10-02T18:31:48 IST" duration-ms="263249">
    <groups>
    </groups>
    <test started-at="2021-10-02T18:27:25 IST" name="FunctionalTesting" finished-at="2021-10-02T18:31:48 IST" duration-ms="263249">
      <class name="TestSuite.TestFinal">
        <test-method signature="basic()[pri:0, instance:TestSuite.TestFinal@23f5b5dc]" started-at="2021-10-02T18:27:25 IST" name="basic" finished-at="2021-10-02T18:27:27 IST" duration-ms="2623" status="PASS">
          <reporter-output>
          </reporter-output>
        </test-method> <!-- basic -->
        <test-method signature="testing()[pri:1, instance:TestSuite.TestFinal@23f5b5dc]" started-at="2021-10-02T18:27:27 IST" name="testing" finished-at="2021-10-02T18:30:24 IST" duration-ms="176933" status="PASS">
          <reporter-output>
          </reporter-output>
        </test-method> <!-- testing -->
        <test-method signature="testing1()[pri:2, instance:TestSuite.TestFinal@23f5b5dc]" started-at="2021-10-02T18:30:24 IST" name="testing1" finished-at="2021-10-02T18:30:43 IST" duration-ms="18781" status="PASS">
          <reporter-output>
          </reporter-output>
        </test-method> <!-- testing1 -->
        <test-method signature="testingCars()[pri:3, instance:TestSuite.TestFinal@23f5b5dc]" started-at="2021-10-02T18:30:43 IST" name="testingCars" finished-at="2021-10-02T18:31:18 IST" duration-ms="35184" status="PASS">
          <reporter-output>
          </reporter-output>
        </test-method> <!-- testingCars -->
        <test-method signature="testingLogin()[pri:4, instance:TestSuite.TestFinal@23f5b5dc]" started-at="2021-10-02T18:31:18 IST" name="testingLogin" finished-at="2021-10-02T18:31:45 IST" duration-ms="26855" status="PASS">
          <reporter-output>
          </reporter-output>
        </test-method> <!-- testingLogin -->
        <test-method signature="lastStep()[pri:5, instance:TestSuite.TestFinal@23f5b5dc]" started-at="2021-10-02T18:31:45 IST" name="lastStep" finished-at="2021-10-02T18:31:48 IST" duration-ms="2809" status="PASS">
          <reporter-output>
          </reporter-output>
        </test-method> <!-- lastStep -->
      </class> <!-- TestSuite.TestFinal -->
    </test> <!-- FunctionalTesting -->
  </suite> <!-- Identify New Bikes -->
</testng-results>
